<?xml version="1.0" encoding="UTF-8"?>
<testng-results ignored="0" total="1" passed="1" failed="0" skipped="0">
  <reporter-output>
  </reporter-output>
  <suite started-at="2023-04-08T09:36:30 IST" name="Default suite" finished-at="2023-04-08T09:36:56 IST" duration-ms="26118">
    <groups>
    </groups>
    <test started-at="2023-04-08T09:36:30 IST" name="Default test" finished-at="2023-04-08T09:36:56 IST" duration-ms="26118">
      <class name="tests.DemoTest">
        <test-method signature="login()[pri:0, instance:tests.DemoTest@2e6a8155]" started-at="2023-04-08T09:36:30 IST" name="login" finished-at="2023-04-08T09:36:56 IST" duration-ms="26044" status="PASS">
          <reporter-output>
          </reporter-output>
        </test-method> <!-- login -->
      </class> <!-- tests.DemoTest -->
    </test> <!-- Default test -->
  </suite> <!-- Default suite -->
</testng-results>
