<?xml version="1.0" encoding="UTF-8"?>
<testng-results ignored="0" total="1" passed="1" failed="0" skipped="0">
  <reporter-output>
  </reporter-output>
  <suite started-at="2023-04-04T00:35:24 IST" name="Surefire suite" finished-at="2023-04-04T00:35:36 IST" duration-ms="11248">
    <groups>
    </groups>
    <test started-at="2023-04-04T00:35:24 IST" name="Surefire test" finished-at="2023-04-04T00:35:36 IST" duration-ms="11248">
      <class name="tests.FirstTest">
        <test-method signature="login()[pri:0, instance:tests.FirstTest@68e965f5]" started-at="2023-04-04T00:35:24 IST" name="login" finished-at="2023-04-04T00:35:36 IST" duration-ms="11171" status="PASS">
          <reporter-output>
          </reporter-output>
        </test-method> <!-- login -->
      </class> <!-- tests.FirstTest -->
    </test> <!-- Surefire test -->
  </suite> <!-- Surefire suite -->
</testng-results>
